Arguments: 
  G:\Program Files\nodejs\node.exe C:\Users\user_\AppData\Roaming\npm\node_modules\yarn\bin\yarn.js install

PATH: 
  G:\program files\gcc\bin;G:\program files\gcc\libexec\gcc\x86_64-w64-mingw32\8.3.0;C:\Program Files (x86)\NVIDIA Corporation\PhysX\Common;C:\Python27\;C:\Python27\Scripts;C:\Program Files (x86)\Common Files\Oracle\Java\javapath;C:\Windows\system32;C:\Windows;C:\Windows\System32\Wbem;C:\Windows\System32\WindowsPowerShell\v1.0\;C:\Windows\System32\OpenSSH\;C:\Program Files (x86)\AMD\ATI.ACE\Core-Static;C:\TDM-GCC-64\bin;C:\MinGW\bin;D:\Python\Python37;D:\Python\Python37\Scripts;C:\ProgramData\chocolatey\bin;G:\Program Files\Git\cmd;C:\Program Files\dotnet\;C:\Program Files\CMake\bin;G:\Program Files\nodejs\;G:\program files\Python\Python37\Scripts\;G:\program files\Python\Python37\;C:\Users\user_\AppData\Local\Microsoft\WindowsApps;D:\Program Files\Microsoft VS Code\bin;C:\Program Files\mingw-w64\x86_64-8.1.0-posix-seh-rt_v6-rev0\mingw64\bin;C:\Users\user_\AppData\Local\atom\bin;G:\program files\Microsoft VS Code\bin;C:\Users\user_\AppData\Local\GitHubDesktop\bin;C:\Users\user_\.dotnet\tools;C:\Program Files\ffmpeg\bin;C:\Users\user_\AppData\Roaming\npm

Yarn version: 
  1.22.11

Node version: 
  14.17.0

Platform: 
  win32 x64

Trace: 
  Error: https://registry.yarnpkg.com/altv-xdecorators-server/-/altv-decorators-server-2.0.7.tgz: Request failed "404 Not Found"
      at ResponseError.ExtendableBuiltin (C:\Users\user_\AppData\Roaming\npm\node_modules\yarn\lib\cli.js:696:66)
      at new ResponseError (C:\Users\user_\AppData\Roaming\npm\node_modules\yarn\lib\cli.js:802:124)
      at Request.<anonymous> (C:\Users\user_\AppData\Roaming\npm\node_modules\yarn\lib\cli.js:67062:16)
      at Request.emit (events.js:376:20)
      at Request.module.exports.Request.onRequestResponse (C:\Users\user_\AppData\Roaming\npm\node_modules\yarn\lib\cli.js:141640:10)
      at ClientRequest.emit (events.js:376:20)
      at HTTPParser.parserOnIncomingClient (_http_client.js:647:27)
      at HTTPParser.parserOnHeadersComplete (_http_common.js:126:17)
      at TLSSocket.socketOnData (_http_client.js:515:22)
      at TLSSocket.emit (events.js:376:20)

npm manifest: 
  {
    "name": "altv-xrpc-server",
    "version": "1.0.4",
    "main": "dist/index.js",
    "types": "dist/index.d.ts",
    "author": "xshady",
    "scripts": {
      "publish": "tsc && yarn publish"
    },
    "license": "MIT",
    "dependencies": {
      "altv-xdecorators-server": "^2.0.2",
      "altv-xrpc-shared": "^1.0.2",
      "reflect-metadata": "^0.1.13",
      "tsyringe": "^4.6.0"
    },
    "devDependencies": {
      "@altv/types-server": "^1.9.8",
      "@altv/types-shared": "^1.0.2",
      "altv-xlogger": "^1.0.3",
      "typescript": "^4.4.2"
    },
    "files": [
      "dist/**/*"
    ]
  }

yarn manifest: 
  No manifest

Lockfile: 
  # THIS IS AN AUTOGENERATED FILE. DO NOT EDIT THIS FILE DIRECTLY.
  # yarn lockfile v1
  
  
  "@altv/types-server@^1.9.8":
    version "1.9.8"
    resolved "https://registry.yarnpkg.com/@altv/types-server/-/types-server-1.9.8.tgz#a6c8ffeedf029d94d7c8e1ccc5659e2237dc2c02"
    integrity sha512-PfdTPbjnhwNY0fZp/tPwPlHGBqfVEhpzrQzgKAuaB3Nz1EpgCbyLZdN6O44VAfTJgK2CcOfHGYJmA6wElNaebQ==
  
  "@altv/types-shared@^1.0.1", "@altv/types-shared@^1.0.2":
    version "1.0.2"
    resolved "https://registry.yarnpkg.com/@altv/types-shared/-/types-shared-1.0.2.tgz#c9b3b4964bb8c690883a243f8fbefaeb574b520f"
    integrity sha512-yxJh6u4jFjyrZsFOe2Fx7352e8WO+k/YxXHcSktBc3Zq5suIDhaMIk6dy7K+pYHKDlPa0DNzPnnjcq3QUYK6Qw==
  
  "altv-xdecorators-server@^2.0.2":
    version "2.0.7"
    resolved "https://registry.yarnpkg.com/altv-xdecorators-server/-/altv-decorators-server-2.0.7.tgz#2265c76d49dbc966a6ee95fdeb81a8a875afcf6f"
    integrity sha512-sWnzjbSXz0xVUtzxDUheiyVzuLuHAX122C8G6KJ5XnYWDSa4cY87UBu4BAuTGE+/U3yie9DSanb9bhQsouDbSg==
    dependencies:
      "@altv/types-server" "^1.9.8"
      "@altv/types-shared" "^1.0.2"
      "altv-xdecorators-shared" "^2.0.3"
      reflect-metadata "^0.1.13"
  
  "altv-xdecorators-shared@^2.0.3":
    version "2.0.3"
    resolved "https://registry.yarnpkg.com/altv-xdecorators-shared/-/altv-decorators-shared-2.0.3.tgz#4a1d9230d1fd6677e26b85edf06503a281e142a8"
    integrity sha512-p/i+yu6gIGepejVOnYdHssvQqwhipOaZ6TuJzfHoqsK5swgt/gj4PdK05sxENqBDgUJMolaYgPg3qVQtqXo6dQ==
    dependencies:
      "@altv/types-shared" "^1.0.1"
      reflect-metadata "^0.1.13"
      tsyringe "^4.6.0"
  
  altv-xlogger@^1.0.3:
    version "1.0.3"
    resolved "https://registry.yarnpkg.com/altv-xlogger/-/altv-xlogger-1.0.3.tgz#5816e902704f27e5b88e548bbbcb8eb39ef2706d"
    integrity sha512-8+0/fP5NjYZ/FEyz1zeTrkZhowOKlB61tdLtnnYlNvFETFQZJKZ3Q8FuHr4hjcQHZlZMW2O4V2vUtP4a/zcA5w==
    dependencies:
      reflect-metadata "^0.1.13"
      typescript "^4.4.2"
  
  altv-xrpc-shared@^1.0.2:
    version "1.0.2"
    resolved "https://registry.yarnpkg.com/altv-xrpc-shared/-/altv-xrpc-shared-1.0.2.tgz#5789f3f83d760687f3f7adc6f96c0606b1149cdb"
    integrity sha512-fTNG62l4tJuX+OUKRWxAD4bf93cFoYqKKP4/JLCn6vwJMmEuUfbQ3fDfh9ay2FO/a5WuN5pjby9Z9CvjWZlHCA==
    dependencies:
      altv-xlogger "^1.0.3"
      reflect-metadata "^0.1.13"
  
  reflect-metadata@^0.1.13:
    version "0.1.13"
    resolved "https://registry.yarnpkg.com/reflect-metadata/-/reflect-metadata-0.1.13.tgz#67ae3ca57c972a2aa1642b10fe363fe32d49dc08"
    integrity sha512-Ts1Y/anZELhSsjMcU605fU9RE4Oi3p5ORujwbIKXfWa+0Zxs510Qrmrce5/Jowq3cHSZSJqBjypxmHarc+vEWg==
  
  tslib@^1.9.3:
    version "1.14.1"
    resolved "https://registry.yarnpkg.com/tslib/-/tslib-1.14.1.tgz#cf2d38bdc34a134bcaf1091c41f6619e2f672d00"
    integrity sha512-Xni35NKzjgMrwevysHTCArtLDpPvye8zV/0E4EyYn43P7/7qvQwPh9BGkHewbMulVntbigmcT7rdX3BNo9wRJg==
  
  tsyringe@^4.6.0:
    version "4.6.0"
    resolved "https://registry.yarnpkg.com/tsyringe/-/tsyringe-4.6.0.tgz#14915d3d7f0db35e1cf7269bdbf7c440713c8d07"
    integrity sha512-BMQAZamSfEmIQzH8WJeRu1yZGQbPSDuI9g+yEiKZFIcO46GPZuMOC2d0b52cVBdw1d++06JnDSIIZvEnogMdAw==
    dependencies:
      tslib "^1.9.3"
  
  typescript@^4.4.2:
    version "4.4.2"
    resolved "https://registry.yarnpkg.com/typescript/-/typescript-4.4.2.tgz#6d618640d430e3569a1dfb44f7d7e600ced3ee86"
    integrity sha512-gzP+t5W4hdy4c+68bfcv0t400HVJMMd2+H9B7gae1nQlBzCqvrXX+6GL/b3GAgyTH966pzrZ70/fRjwAtZksSQ==
